<?xml version="1.0" encoding="UTF-8"?>
<testsuite name="ab1.Ab1Test" tests="30" skipped="0" failures="0" errors="0" timestamp="2021-05-23T08:13:36" hostname="DESKTOP-132RVFI" time="19.805">
  <properties/>
  <testcase name="testHeapCornerCases()" classname="ab1.Ab1Test" time="0.018"/>
  <testcase name="testSearchValueGraetherThenLastElementValue()" classname="ab1.Ab1Test" time="0.002"/>
  <testcase name="testToHeapSorted()" classname="ab1.Ab1Test" time="0.055"/>
  <testcase name="testSearchValueNotInList()" classname="ab1.Ab1Test" time="0.0"/>
  <testcase name="testMinimumOnEmptyList()" classname="ab1.Ab1Test" time="0.001"/>
  <testcase name="testSearchValueInList()" classname="ab1.Ab1Test" time="0.003"/>
  <testcase name="testInsertOnEmptyList()" classname="ab1.Ab1Test" time="0.0"/>
  <testcase name="testInsertAsSmallestElementInList()" classname="ab1.Ab1Test" time="0.001"/>
  <testcase name="testMaxHeapOnOneElement()" classname="ab1.Ab1Test" time="0.001"/>
  <testcase name="testToHeapLarge()" classname="ab1.Ab1Test" time="0.819"/>
  <testcase name="testToHeapSmall()" classname="ab1.Ab1Test" time="0.011"/>
  <testcase name="testSearchOnEmptyList()" classname="ab1.Ab1Test" time="0.001"/>
  <testcase name="testMaxHeapOnMoreElements()" classname="ab1.Ab1Test" time="0.0"/>
  <testcase name="testMaxHeapOnEmptyArray()" classname="ab1.Ab1Test" time="0.001"/>
  <testcase name="testListInsert()" classname="ab1.Ab1Test" time="3.001"/>
  <testcase name="testInsertInMiddle()" classname="ab1.Ab1Test" time="0.0"/>
  <testcase name="testHeapSort()" classname="ab1.Ab1Test" time="0.001"/>
  <testcase name="testListSearch()" classname="ab1.Ab1Test" time="2.446"/>
  <testcase name="testInsertAtTheEnd()" classname="ab1.Ab1Test" time="0.001"/>
  <testcase name="testHeapOnConstructionMoreElementsWithOneSwap()" classname="ab1.Ab1Test" time="0.0"/>
  <testcase name="testHeapConstructionOnOneElement()" classname="ab1.Ab1Test" time="0.0"/>
  <testcase name="testMinimumOnNotEmptyList()" classname="ab1.Ab1Test" time="0.001"/>
  <testcase name="testHeapConstructionOnEmptyArray()" classname="ab1.Ab1Test" time="0.001"/>
  <testcase name="testHeapSortLarge()" classname="ab1.Ab1Test" time="5.121"/>
  <testcase name="testHeapSortSmall()" classname="ab1.Ab1Test" time="0.05"/>
  <testcase name="testIsHeapLarge()" classname="ab1.Ab1Test" time="0.538"/>
  <testcase name="testIsHeapSmall()" classname="ab1.Ab1Test" time="0.009"/>
  <testcase name="testMergeSortLarge()" classname="ab1.Ab1Test" time="5.171"/>
  <testcase name="testMergeSortSmall()" classname="ab1.Ab1Test" time="0.056"/>
  <testcase name="testListMinimum()" classname="ab1.Ab1Test" time="2.482"/>
  <system-out><![CDATA[]]></system-out>
  <system-err><![CDATA[]]></system-err>
</testsuite>
